213.83 208.8168204821734 904
213.55 208.63015381550676 904
213.18 208.3834871488401 904
213.62 208.6768204821734 904
213.39 208.52348714884008 904
213.57 208.64348714884008 904
213.56 208.63682048217342 904
213.42 208.5434871488401 904
213.27 208.4434871488401 904
213.26 208.4368204821734 904
212.46 207.90348714884007 904
212.88 208.18348714884007 904
213.08 208.3168204821734 904
212.88 208.18348714884007 904
212.82 208.14348714884008 904
212.78 208.11682048217344 904
212.76 208.10348714884006 904
212.9 208.19682048217342 904
213.22 208.41015381550673 904
213.44 208.5568204821734 904
213.01 208.27015381550675 904
213.2 208.3968204821734 904
213.05 208.29682048217342 904
213.1 208.33015381550672 904
213.28 208.45015381550675 904
213.13 208.35015381550673 904
213.01 208.27015381550675 904
213.02 208.27682048217343 904
213.07 208.31015381550674 904
212.9 208.19682048217342 904
212.91 208.20348714884008 904
212.44 207.89015381550675 904
212.13 207.68348714884007 904
212.46 207.90348714884007 904
212.49 207.92348714884008 904
212.3 207.79682048217342 904
212.33 207.8168204821734 904
212.54 207.9568204821734 904
213.05 208.29682048217342 904
213.05 208.29682048217342 904
212.74 208.09015381550674 904
212.83 208.15015381550674 904
213.05 208.29682048217342 904
212.88 208.18348714884007 904
212.79 208.1234871488401 904
212.79 208.1234871488401 904
212.88 208.18348714884007 904
212.98 208.2501538155067 904
212.97 208.24348714884005 904
212.97 208.24348714884005 904
213.25 208.43015381550674 904
213.38 208.51682048217342 904
213.31 208.47015381550673 904
213.32 208.4768204821734 904
213.31 208.47015381550673 904
213.34 208.49015381550672 904
213.42 208.5434871488401 904
213.3 208.46348714884007 904
213.37 208.51015381550675 904
213.16 208.37015381550677 904
213.15 208.3634871488401 904
213.11 208.3368204821734 904
213.33 208.48348714884006 904
213.42 208.5434871488401 904
213.31 208.47015381550673 904
213.3 208.46348714884007 904
213.35 208.49682048217338 904
213.36 208.5034871488401 904
213.36 208.5034871488401 904
213.33 208.48348714884006 904
213.04 208.29015381550676 904
212.99 208.25682048217342 904
213.06 208.30348714884008 904
212.72 208.0768204821734 904
212.99 208.25682048217342 904
212.82 208.14348714884008 904
212.69 208.0568204821734 904
212.62 208.01015381550675 904
211.68 207.3834871488401 904
212.03 207.61682048217344 904
212.18 207.7168204821734 904
211.83 207.48348714884006 904
211.92 207.5434871488401 904
212.21 207.73682048217339 904
212.25 207.76348714884008 904
212.53 207.95015381550675 904
212.55 207.96348714884007 904
212.58 207.98348714884006 904
212.47 207.91015381550673 904
212.39 207.8568204821734 904
212.16 207.70348714884008 904
212.18 207.7168204821734 904
212.41 207.87015381550677 904
212.65 208.03015381550676 904
213.06 208.30348714884008 904
212.66 208.03682048217343 904
212.81 208.13682048217342 904
213.06 208.30348714884008 904
213.15 208.3634871488401 904
212.66 208.03682048217343 904
212.76 208.10348714884006 904
212.64 208.02348714884008 904
212.63 208.01682048217342 904
212.64 208.02348714884008 904
212.85 208.16348714884006 904
213.13 208.35015381550673 904
213.44 208.5568204821734 904
213.18 208.3834871488401 904
213.37 208.51015381550675 904
213.24 208.42348714884008 904
213.05 208.29682048217342 904
213.05 208.29682048217342 904
213.02 208.27682048217343 904
212.96 208.23682048217339 904
213.34 208.49015381550672 904
213.29 208.4568204821734 904
213.45 208.56348714884007 904
213.53 208.61682048217344 904
213.28 208.45015381550675 904
213.22 208.41015381550673 904
213.19 208.39015381550675 904
213.13 208.35015381550673 904
213.05 208.29682048217342 904
213.43 208.55015381550675 904
213.42 208.5434871488401 904
213.39 208.52348714884008 904
213.35 208.49682048217338 904
213.37 208.51015381550675 904
213.24 208.42348714884008 904
213.21 208.40348714884007 904
213.22 208.41015381550673 904
213.41 208.53682048217343 904
213.23 208.4168204821734 904
213.47 208.5768204821734 904
213.49 208.59015381550674 904
213.71 208.73682048217339 904
213.72 208.74348714884005 904
213.73 208.7501538155067 904
213.76 208.77015381550675 904
213.83 208.8168204821734 904
213.1 208.33015381550672 904
213.23 208.4168204821734 904
213.35 208.49682048217338 904
213.54 208.6234871488401 904
/Users/seanhung06/Binance/run_eth.sh: fork: Resource temporarily unavailable
213.59 208.6568204821734 904
217.02 214.1433846051689 905
217.13 214.21671793850226 905
217.1 214.19671793850225 905
216.74 213.95671793850227 905
216.81 214.00338460516892 905
216.48 213.7833846051689 905
216.74 213.95671793850227 905
217.24 214.2900512718356 905
217.08 214.18338460516892 905
217.5 214.46338460516893 905
217.54 214.49005127183557 905
217.4 214.39671793850223 905
217.81 214.6700512718356 905
218.29 214.99005127183557 905
218.45 215.09671793850225 905
218.53 215.15005127183557 905
218.48 215.11671793850223 905
218.27 214.97671793850225 905
218.88 215.3833846051689 905
218.91 215.4033846051689 905
218.62 215.2100512718356 905
218.55 215.16338460516894 905
218.63 215.21671793850226 905
218.64 215.22338460516892 905
218.9 215.39671793850223 905
219.09 215.5233846051689 905
218.81 215.33671793850226 905
219.22 215.61005127183557 905
219.07 215.51005127183558 905
218.88 215.3833846051689 905
219.02 215.47671793850225 905
219.07 215.51005127183558 905
219.35 215.69671793850225 905
219.18 215.58338460516893 905
219.06 215.50338460516892 905
219.19 215.5900512718356 905
219.24 215.62338460516892 905
218.94 215.42338460516893 905
219.0 215.46338460516893 905
218.67 215.2433846051689 905
218.57 215.17671793850226 905
218.54 215.15671793850223 905
219.19 215.5900512718356 905
219.2 215.59671793850225 905
219.22 215.61005127183557 905
219.34 215.69005127183559 905
219.36 215.70338460516894 905
219.16 215.57005127183558 905
218.98 215.45005127183558 905
218.95 215.4300512718356 905
218.8 215.3300512718356 905
218.88 215.3833846051689 905
219.28 215.65005127183557 905
219.2 215.59671793850225 905
219.32 215.67671793850226 905
219.18 215.58338460516893 905
219.03 215.4833846051689 905
218.89 215.39005127183557 905
218.97 215.44338460516892 905
218.75 215.29671793850227 905
218.64 215.22338460516892 905
218.37 215.04338460516894 905
218.63 215.21671793850226 905
218.31 215.00338460516892 905
218.03 214.81671793850225 905
218.17 214.91005127183556 905
217.9 214.73005127183558 905
217.87 214.7100512718356 905
217.88 214.71671793850226 905
217.64 214.55671793850226 905
217.82 214.67671793850226 905
218.23 214.95005127183558 905
218.22 214.94338460516892 905
218.03 214.81671793850225 905
218.03 214.81671793850225 905
217.88 214.71671793850226 905
217.85 214.69671793850225 905
217.6 214.53005127183556 905
217.86 214.70338460516894 905
217.52 214.47671793850225 905
217.76 214.63671793850224 905
217.87 214.7100512718356 905
217.75 214.63005127183558 905
217.73 214.61671793850223 905
217.59 214.5233846051689 905
217.5 214.46338460516893 905
217.88 214.71671793850226 905
217.94 214.75671793850225 905
217.87 214.7100512718356 905
218.23 214.95005127183558 905
218.0 214.79671793850227 905
218.09 214.85671793850224 905
218.16 214.9033846051689 905
218.12 214.87671793850225 905
217.95 214.7633846051689 905
217.61 214.53671793850228 905
217.64 214.55671793850226 905
217.34 214.35671793850224 905
217.4 214.39671793850223 905
217.55 214.49671793850226 905
217.83 214.68338460516892 905
217.85 214.69671793850225 905
217.98 214.7833846051689 905
218.22 214.94338460516892 905
218.33 215.01671793850224 905
218.27 214.97671793850225 905
218.31 215.00338460516892 905
218.16 214.9033846051689 905
218.2 214.9300512718356 905
218.24 214.95671793850227 905
218.23 214.95005127183558 905
218.47 215.11005127183557 905
218.61 215.20338460516894 905
218.84 215.35671793850224 905
218.77 215.3100512718356 905
218.76 215.30338460516893 905
218.67 215.2433846051689 905
218.27 214.97671793850225 905
218.21 214.93671793850226 905
217.93 214.7500512718356 905
217.87 214.7100512718356 905
217.9 214.73005127183558 905
218.11 214.8700512718356 905
217.87 214.7100512718356 905
218.01 214.80338460516893 905
218.06 214.83671793850226 905
223.34 218.35671793850224 905
223.39 218.39005127183557 905
221.49 217.12338460516892 905
221.75 217.29671793850227 905
221.29 216.99005127183557 905
221.08 216.85005127183558 905
220.97 216.77671793850223 905
220.68 216.58338460516893 905
221.41 217.07005127183558 905
221.34 217.0233846051689 905
221.42 217.07671793850224 905
221.28 216.9833846051689 905
221.06 216.83671793850226 905
221.58 217.18338460516892 905
221.73 217.2833846051689 905
221.53 217.15005127183557 905
221.67 217.2433846051689 905
221.55 217.16338460516894 905
221.78 217.31671793850225 905
221.56 217.1700512718356 905
221.39 217.05671793850226 905
221.53 217.15005127183557 905
221.41 217.07005127183558 905
221.6 217.19671793850225 905
221.4 217.06338460516892 905
221.41 217.07005127183558 905
221.62 217.2100512718356 905
221.6 217.19671793850225 905
222.33 217.68338460516892 905
222.35 217.69671793850225 905
222.22 217.61005127183557 905
221.72 217.27671793850223 905
220.93 216.7500512718356 905
220.03 216.15005127183557 905
220.54 216.49005127183557 905
219.99 216.12338460516892 905
220.36 216.3700512718356 905
220.65 216.56338460516892 905
221.52 217.1433846051689 905
222.4 217.73005127183558 905
222.52 217.8100512718356 905
222.33 217.68338460516892 905
222.36 217.70338460516894 905
222.72 217.94338460516892 905
222.32 217.67671793850226 905
222.46 217.77005127183557 905
222.0 217.46338460516893 905
222.24 217.62338460516892 905
221.78 217.31671793850225 905
221.85 217.3633846051689 905
221.97 217.44338460516892 905
222.22 217.61005127183557 905
222.19 217.5900512718356 905
222.42 217.7433846051689 905
222.27 217.6433846051689 905
222.35 217.69671793850225 905
222.58 217.85005127183558 905
/Users/seanhung06/Binance/run_eth.sh: fork: Resource temporarily unavailable
/Users/seanhung06/Binance/run_eth.sh: fork: Resource temporarily unavailable
/Users/seanhung06/Binance/run_eth.sh: fork: Resource temporarily unavailable
/Users/seanhung06/Binance/run_eth.sh: fork: Resource temporarily unavailable
221.72 217.27671793850223 905
221.74 217.2900512718356 905
221.71 217.27005127183557 905
221.65 217.23005127183558 905
221.58 217.18338460516892 905
221.3 216.99671793850226 905
221.5 217.13005127183558 905
221.47 217.11005127183557 905
221.42 217.07671793850224 905
221.18 216.91671793850227 905
221.15 216.89671793850223 905
221.04 216.8233846051689 905
221.14 216.89005127183557 905
221.72 217.27671793850223 905
221.71 217.27005127183557 905
221.67 217.2433846051689 905
221.48 217.11671793850223 905
221.45 217.09671793850225 905
221.53 217.15005127183557 905
221.48 217.11671793850223 905
221.54 217.15671793850223 905
221.24 216.95671793850227 905
221.24 216.95671793850227 905
221.25 216.96338460516893 905
221.38 217.0500512718356 905
221.29 216.99005127183557 905
221.19 216.92338460516893 905
221.06 216.83671793850226 905
221.08 216.85005127183558 905
221.19 216.92338460516893 905
221.3 216.99671793850226 905
221.21 216.93671793850226 905
221.28 216.9833846051689 905
221.16 216.9033846051689 905
221.14 216.89005127183557 905
222.41 217.73671793850224 905
222.28 217.65005127183557 905
Traceback (most recent call last):
  File "/Library/Frameworks/Python.framework/Versions/3.8/lib/python3.8/site-packages/urllib3/connection.py", line 156, in _new_conn
    conn = connection.create_connection(
  File "/Library/Frameworks/Python.framework/Versions/3.8/lib/python3.8/site-packages/urllib3/util/connection.py", line 61, in create_connection
    for res in socket.getaddrinfo(host, port, family, socket.SOCK_STREAM):
  File "/Library/Frameworks/Python.framework/Versions/3.8/lib/python3.8/socket.py", line 914, in getaddrinfo
    for res in _socket.getaddrinfo(host, port, family, type, proto, flags):
socket.gaierror: [Errno 8] nodename nor servname provided, or not known

During handling of the above exception, another exception occurred:

Traceback (most recent call last):
  File "/Library/Frameworks/Python.framework/Versions/3.8/lib/python3.8/site-packages/urllib3/connectionpool.py", line 665, in urlopen
    httplib_response = self._make_request(
  File "/Library/Frameworks/Python.framework/Versions/3.8/lib/python3.8/site-packages/urllib3/connectionpool.py", line 376, in _make_request
    self._validate_conn(conn)
  File "/Library/Frameworks/Python.framework/Versions/3.8/lib/python3.8/site-packages/urllib3/connectionpool.py", line 994, in _validate_conn
    conn.connect()
  File "/Library/Frameworks/Python.framework/Versions/3.8/lib/python3.8/site-packages/urllib3/connection.py", line 334, in connect
    conn = self._new_conn()
  File "/Library/Frameworks/Python.framework/Versions/3.8/lib/python3.8/site-packages/urllib3/connection.py", line 168, in _new_conn
    raise NewConnectionError(
urllib3.exceptions.NewConnectionError: <urllib3.connection.VerifiedHTTPSConnection object at 0x117b8e9d0>: Failed to establish a new connection: [Errno 8] nodename nor servname provided, or not known

During handling of the above exception, another exception occurred:

Traceback (most recent call last):
  File "/Library/Frameworks/Python.framework/Versions/3.8/lib/python3.8/site-packages/requests/adapters.py", line 439, in send
    resp = conn.urlopen(
  File "/Library/Frameworks/Python.framework/Versions/3.8/lib/python3.8/site-packages/urllib3/connectionpool.py", line 719, in urlopen
    retries = retries.increment(
  File "/Library/Frameworks/Python.framework/Versions/3.8/lib/python3.8/site-packages/urllib3/util/retry.py", line 436, in increment
    raise MaxRetryError(_pool, url, error or ResponseError(cause))
urllib3.exceptions.MaxRetryError: HTTPSConnectionPool(host='api.binance.com', port=443): Max retries exceeded with url: /api/v1/ping (Caused by NewConnectionError('<urllib3.connection.VerifiedHTTPSConnection object at 0x117b8e9d0>: Failed to establish a new connection: [Errno 8] nodename nor servname provided, or not known'))

During handling of the above exception, another exception occurred:

Traceback (most recent call last):
  File "binance1.py", line 20, in <module>
    client = Client(api_key, api_secret)
  File "/Library/Frameworks/Python.framework/Versions/3.8/lib/python3.8/site-packages/binance/client.py", line 97, in __init__
    self.ping()
  File "/Library/Frameworks/Python.framework/Versions/3.8/lib/python3.8/site-packages/binance/client.py", line 378, in ping
    return self._get('ping')
  File "/Library/Frameworks/Python.framework/Versions/3.8/lib/python3.8/site-packages/binance/client.py", line 222, in _get
    return self._request_api('get', path, signed, version, **kwargs)
  File "/Library/Frameworks/Python.framework/Versions/3.8/lib/python3.8/site-packages/binance/client.py", line 191, in _request_api
    return self._request(method, uri, signed, **kwargs)
  File "/Library/Frameworks/Python.framework/Versions/3.8/lib/python3.8/site-packages/binance/client.py", line 185, in _request
    self.response = getattr(self.session, method)(uri, **kwargs)
  File "/Library/Frameworks/Python.framework/Versions/3.8/lib/python3.8/site-packages/requests/sessions.py", line 546, in get
    return self.request('GET', url, **kwargs)
  File "/Library/Frameworks/Python.framework/Versions/3.8/lib/python3.8/site-packages/requests/sessions.py", line 533, in request
    resp = self.send(prep, **send_kwargs)
  File "/Library/Frameworks/Python.framework/Versions/3.8/lib/python3.8/site-packages/requests/sessions.py", line 646, in send
    r = adapter.send(request, **kwargs)
  File "/Library/Frameworks/Python.framework/Versions/3.8/lib/python3.8/site-packages/requests/adapters.py", line 516, in send
    raise ConnectionError(e, request=request)
requests.exceptions.ConnectionError: HTTPSConnectionPool(host='api.binance.com', port=443): Max retries exceeded with url: /api/v1/ping (Caused by NewConnectionError('<urllib3.connection.VerifiedHTTPSConnection object at 0x117b8e9d0>: Failed to establish a new connection: [Errno 8] nodename nor servname provided, or not known'))
Traceback (most recent call last):
  File "/Library/Frameworks/Python.framework/Versions/3.8/lib/python3.8/site-packages/urllib3/connection.py", line 156, in _new_conn
    conn = connection.create_connection(
  File "/Library/Frameworks/Python.framework/Versions/3.8/lib/python3.8/site-packages/urllib3/util/connection.py", line 61, in create_connection
    for res in socket.getaddrinfo(host, port, family, socket.SOCK_STREAM):
  File "/Library/Frameworks/Python.framework/Versions/3.8/lib/python3.8/socket.py", line 914, in getaddrinfo
    for res in _socket.getaddrinfo(host, port, family, type, proto, flags):
socket.gaierror: [Errno 8] nodename nor servname provided, or not known

During handling of the above exception, another exception occurred:

Traceback (most recent call last):
  File "/Library/Frameworks/Python.framework/Versions/3.8/lib/python3.8/site-packages/urllib3/connectionpool.py", line 665, in urlopen
    httplib_response = self._make_request(
  File "/Library/Frameworks/Python.framework/Versions/3.8/lib/python3.8/site-packages/urllib3/connectionpool.py", line 376, in _make_request
    self._validate_conn(conn)
  File "/Library/Frameworks/Python.framework/Versions/3.8/lib/python3.8/site-packages/urllib3/connectionpool.py", line 994, in _validate_conn
    conn.connect()
  File "/Library/Frameworks/Python.framework/Versions/3.8/lib/python3.8/site-packages/urllib3/connection.py", line 334, in connect
    conn = self._new_conn()
  File "/Library/Frameworks/Python.framework/Versions/3.8/lib/python3.8/site-packages/urllib3/connection.py", line 168, in _new_conn
    raise NewConnectionError(
urllib3.exceptions.NewConnectionError: <urllib3.connection.VerifiedHTTPSConnection object at 0x10b900370>: Failed to establish a new connection: [Errno 8] nodename nor servname provided, or not known

During handling of the above exception, another exception occurred:

Traceback (most recent call last):
  File "/Library/Frameworks/Python.framework/Versions/3.8/lib/python3.8/site-packages/requests/adapters.py", line 439, in send
    resp = conn.urlopen(
  File "/Library/Frameworks/Python.framework/Versions/3.8/lib/python3.8/site-packages/urllib3/connectionpool.py", line 719, in urlopen
    retries = retries.increment(
  File "/Library/Frameworks/Python.framework/Versions/3.8/lib/python3.8/site-packages/urllib3/util/retry.py", line 436, in increment
    raise MaxRetryError(_pool, url, error or ResponseError(cause))
urllib3.exceptions.MaxRetryError: HTTPSConnectionPool(host='api.binance.com', port=443): Max retries exceeded with url: /api/v1/ping (Caused by NewConnectionError('<urllib3.connection.VerifiedHTTPSConnection object at 0x10b900370>: Failed to establish a new connection: [Errno 8] nodename nor servname provided, or not known'))

During handling of the above exception, another exception occurred:

Traceback (most recent call last):
  File "binance1.py", line 20, in <module>
    client = Client(api_key, api_secret)
  File "/Library/Frameworks/Python.framework/Versions/3.8/lib/python3.8/site-packages/binance/client.py", line 97, in __init__
    self.ping()
  File "/Library/Frameworks/Python.framework/Versions/3.8/lib/python3.8/site-packages/binance/client.py", line 378, in ping
    return self._get('ping')
  File "/Library/Frameworks/Python.framework/Versions/3.8/lib/python3.8/site-packages/binance/client.py", line 222, in _get
    return self._request_api('get', path, signed, version, **kwargs)
  File "/Library/Frameworks/Python.framework/Versions/3.8/lib/python3.8/site-packages/binance/client.py", line 191, in _request_api
    return self._request(method, uri, signed, **kwargs)
  File "/Library/Frameworks/Python.framework/Versions/3.8/lib/python3.8/site-packages/binance/client.py", line 185, in _request
    self.response = getattr(self.session, method)(uri, **kwargs)
  File "/Library/Frameworks/Python.framework/Versions/3.8/lib/python3.8/site-packages/requests/sessions.py", line 546, in get
    return self.request('GET', url, **kwargs)
  File "/Library/Frameworks/Python.framework/Versions/3.8/lib/python3.8/site-packages/requests/sessions.py", line 533, in request
    resp = self.send(prep, **send_kwargs)
  File "/Library/Frameworks/Python.framework/Versions/3.8/lib/python3.8/site-packages/requests/sessions.py", line 646, in send
    r = adapter.send(request, **kwargs)
  File "/Library/Frameworks/Python.framework/Versions/3.8/lib/python3.8/site-packages/requests/adapters.py", line 516, in send
    raise ConnectionError(e, request=request)
requests.exceptions.ConnectionError: HTTPSConnectionPool(host='api.binance.com', port=443): Max retries exceeded with url: /api/v1/ping (Caused by NewConnectionError('<urllib3.connection.VerifiedHTTPSConnection object at 0x10b900370>: Failed to establish a new connection: [Errno 8] nodename nor servname provided, or not known'))
Traceback (most recent call last):
  File "email_send.py", line 73, in <module>
    server = smtplib.SMTP('smtp.gmail.com', 587) 
  File "/Library/Frameworks/Python.framework/Versions/3.8/lib/python3.8/smtplib.py", line 253, in __init__
    (code, msg) = self.connect(host, port)
  File "/Library/Frameworks/Python.framework/Versions/3.8/lib/python3.8/smtplib.py", line 339, in connect
    self.sock = self._get_socket(host, port, self.timeout)
  File "/Library/Frameworks/Python.framework/Versions/3.8/lib/python3.8/smtplib.py", line 308, in _get_socket
    return socket.create_connection((host, port), timeout,
  File "/Library/Frameworks/Python.framework/Versions/3.8/lib/python3.8/socket.py", line 787, in create_connection
    for res in getaddrinfo(host, port, 0, SOCK_STREAM):
  File "/Library/Frameworks/Python.framework/Versions/3.8/lib/python3.8/socket.py", line 914, in getaddrinfo
    for res in _socket.getaddrinfo(host, port, family, type, proto, flags):
socket.gaierror: [Errno 8] nodename nor servname provided, or not known
220.21 219.5900170906119 906
220.21 219.5900170906119 906
220.39 219.71001709061184 906
220.58 219.83668375727856 906
220.8 219.9833504239452 906
220.84 220.01001709061188 906
220.84 220.01001709061188 906
220.92 220.06335042394517 906
221.05 220.15001709061187 906
221.28 220.30335042394518 906
221.11 220.19001709061186 906
221.24 220.27668375727853 906
220.95 220.08335042394518 906
220.97 220.09668375727856 906
221.17 220.23001709061182 906
221.41 220.39001709061185 906
221.89 220.71001709061184 906
221.8 220.65001709061187 906
222.76 221.29001709061185 906
222.58 221.17001709061188 906
222.5 221.11668375727854 906
222.31 220.99001709061187 906
222.57 221.1633504239452 906
222.7 221.25001709061186 906
222.76 221.29001709061185 906
222.67 221.23001709061182 906
222.78 221.30335042394518 906
223.3 221.65001709061187 906
223.27 221.63001709061186 906
224.0 222.11668375727854 906
223.84 222.01001709061188 906
223.65 221.8833504239452 906
223.36 221.69001709061186 906
223.22 221.59668375727856 906
223.11 221.5233504239452 906
223.25 221.61668375727854 906
223.25 221.61668375727854 906
223.0 221.45001709061185 906
223.04 221.4766837572785 906
223.09 221.51001709061188 906
223.43 221.73668375727854 906
223.51 221.79001709061185 906
223.91 222.0566837572785 906
223.72 221.93001709061187 906
223.63 221.87001709061187 906
223.91 222.0566837572785 906
223.76 221.9566837572785 906
224.0 222.11668375727854 906
224.46 222.4233504239452 906
224.53 222.47001709061183 906
224.69 222.57668375727852 906
226.07 223.49668375727853 906
225.86 223.35668375727855 906
226.31 223.65668375727853 906
225.67 223.23001709061182 906
225.61 223.19001709061186 906
225.93 223.4033504239452 906
225.91 223.39001709061185 906
225.65 223.2166837572785 906
225.39 223.04335042394518 906
225.67 223.23001709061182 906
225.64 223.21001709061184 906
225.11 222.85668375727855 906
225.49 223.11001709061188 906
225.68 223.23668375727854 906
225.88 223.37001709061187 906
225.87 223.3633504239452 906
226.12 223.53001709061186 906
226.23 223.60335042394522 906
225.24 222.9433504239452 906
224.18 222.23668375727854 906
224.86 222.69001709061186 906
224.56 222.49001709061187 906
224.81 222.65668375727853 906
224.93 222.73668375727854 906
224.7 222.58335042394518 906
224.5 222.45001709061185 906
224.68 222.57001709061186 906
224.74 222.61001709061188 906
225.23 222.93668375727853 906
225.34 223.01001709061188 906
224.96 222.75668375727855 906
225.1 222.85001709061189 906
224.99 222.77668375727853 906
224.48 222.43668375727853 906
223.87 222.03001709061186 906
223.97 222.09668375727856 906
223.64 221.87668375727853 906
223.49 221.77668375727853 906
223.14 221.54335042394518 906
223.22 221.59668375727856 906
223.24 221.61001709061188 906
223.74 221.9433504239452 906
223.95 222.08335042394518 906
223.7 221.91668375727852 906
224.01 222.1233504239452 906
224.08 222.17001709061188 906
224.34 222.34335042394522 906
224.06 222.15668375727853 906
223.56 221.8233504239452 906
223.64 221.87668375727853 906
223.98 222.10335042394522 906
224.28 222.30335042394518 906
224.14 222.21001709061184 906
224.41 222.39001709061185 906
224.8 222.65001709061187 906
224.53 222.47001709061183 906
224.4 222.3833504239452 906
224.66 222.5566837572785 906
224.67 222.56335042394517 906
224.76 222.6233504239452 906
224.87 222.69668375727852 906
224.78 222.63668375727852 906
224.25 222.2833504239452 906
224.22 222.2633504239452 906
224.35 222.35001709061189 906
224.28 222.30335042394518 906
224.05 222.15001709061187 906
223.85 222.01668375727854 906
224.08 222.17001709061188 906
224.19 222.2433504239452 906
224.39 222.37668375727853 906
224.65 222.55001709061185 906
224.75 222.61668375727854 906
224.82 222.6633504239452 906
225.29 222.9766837572785 906
225.66 223.22335042394516 906
225.53 223.13668375727852 906
225.53 223.13668375727852 906
225.29 222.9766837572785 906
225.9 223.3833504239452 906
225.7 223.25001709061186 906
225.69 223.2433504239452 906
225.98 223.43668375727853 906
225.91 223.39001709061185 906
225.51 223.1233504239452 906
225.78 223.30335042394518 906
225.75 223.2833504239452 906
225.76 223.29001709061185 906
225.91 223.39001709061185 906
226.07 223.49668375727853 906
225.95 223.41668375727852 906
/Users/seanhung06/Binance/run_eth.sh: fork: Resource temporarily unavailable
225.72 223.2633504239452 906
225.77 223.29668375727852 906
225.74 223.27668375727853 906
225.79 223.31001709061184 906
225.78 223.30335042394518 906
225.64 223.21001709061184 906
225.71 223.25668375727855 906
225.98 223.43668375727853 906
226.27 223.63001709061186 906
226.3 223.65001709061187 906
